#
# A fatal error has been detected by the Java Runtime Environment:
#
#  EXCEPTION_ACCESS_VIOLATION (0xc0000005) at pc=0x00007ffdece5874d, pid=17448, tid=18056
#
# JRE version: Java(TM) SE Runtime Environment (22.0+36) (build 22+36-2370)
# Java VM: Java HotSpot(TM) 64-Bit Server VM (22+36-2370, mixed mode, sharing, tiered, compressed oops, compressed class ptrs, g1 gc, windows-amd64)
# Problematic frame:
# C  [ntdll.dll+0x1874d]
#
# No core dump will be written. Minidumps are not enabled by default on client versions of Windows
#
# If you would like to submit a bug report, please visit:
#   https://bugreport.java.com/bugreport/crash.jsp
#

---------------  S U M M A R Y ------------

Command Line: -javaagent:C:\Users\gabriel_e_fagundes\AppData\Local\JetBrains\IntelliJIdea2025.1\captureAgent\debugger-agent.jar=file:///C:/Users/GABRIE~1/AppData/Local/Temp/capture11495694062662032359.props -ea -Didea.test.cyclic.buffer.size=1048576 -javaagent:C:\Users\gabriel_e_fagundes\AppData\Local\JetBrains\IntelliJ IDEA 2025.1.4.1\lib\idea_rt.jar=54126 -Dkotlinx.coroutines.debug.enable.creation.stack.trace=false -Ddebugger.agent.enable.coroutines=true -Dkotlinx.coroutines.debug.enable.flows.stack.trace=true -Dkotlinx.coroutines.debug.enable.mutable.state.flows.stack.trace=true -Dfile.encoding=UTF-8 -Dsun.stdout.encoding=UTF-8 -Dsun.stderr.encoding=UTF-8 com.intellij.rt.junit.JUnitStarter -ideVersion5 -junit5 com.tests.DescontoTest

Host: Intel(R) Core(TM) i7-9700 CPU @ 3.00GHz, 8 cores, 15G,  Windows 11 , 64 bit Build 26100 (10.0.26100.4484)
Time: Mon Sep 15 12:15:04 2025 Hora oficial do Brasil elapsed time: 0.984275 seconds (0d 0h 0m 0s)

---------------  T H R E A D  ---------------

Current thread (0x0000025422b84ce0):  VMThread "VM Thread"          [id=18056, stack(0x000000b91b400000,0x000000b91b500000) (1024K)]

Stack: [0x000000b91b400000,0x000000b91b500000],  sp=0x000000b91b4fed00,  free space=1019k
Native frames: (J=compiled Java code, j=interpreted, Vv=VM code, C=native code)
C  [ntdll.dll+0x1874d]  (no source info available)
C  [ntdll.dll+0x2988f]  (no source info available)
C  [ntdll.dll+0x149d6]  (no source info available)
C  [ntdll.dll+0x95930]  (no source info available)
C  [ucrtbase.dll+0x1e0fb]  (no source info available)
C  [ucrtbase.dll+0x15d15]  (no source info available)
C  [pdh.dll+0x1a7e9]  (no source info available)


siginfo: EXCEPTION_ACCESS_VIOLATION (0xc0000005), reading address 0x0000000000002000


Registers:
RAX=0x0000000000002000, RBX=0x000002546a2af000, RCX=0x0000000000100000, RDX=0x0000000000008b2d
RSP=0x000000b91b4fed00, RBP=0x0000025401980000, RSI=0x0000025401986260, RDI=0x000002546a1b3010
R8 =0x0000025401980150, R9 =0xfeeefeeefeeefeee, R10=0x0000000000000000, R11=0x0000000000000001
R12=0x0000000002000002, R13=0x0000025469f10000, R14=0x000002546a2af010, R15=0x000000006e0092fc
RIP=0x00007ffdece5874d, EFLAGS=0x0000000000010283


Register to memory mapping:

RAX=0x0000000000002000 is an unknown value
RBX=0x000002546a2af000 points into unknown readable memory: 0x0041007800450020 | 20 00 45 00 78 00 41 00
RCX=0x0000000000100000 is an unknown value
RDX=0x0000000000008b2d is an unknown value
RSP=0x000000b91b4fed00 points into unknown readable memory: 0x0000000000000000 | 00 00 00 00 00 00 00 00
RBP=0x0000025401980000 points into unknown readable memory: 0x0000000000000000 | 00 00 00 00 00 00 00 00
RSI=0x0000025401986260 points into unknown readable memory: 0x0000000000000000 | 00 00 00 00 00 00 00 00
RDI=0x000002546a1b3010 points into unknown readable memory: 0x00000018000009f0 | f0 09 00 00 18 00 00 00
R8 =0x0000025401980150 points into unknown readable memory: 0x0000025469e23eb0 | b0 3e e2 69 54 02 00 00
R9 =0xfeeefeeefeeefeee is an unknown value
R10=0x0 is null
R11=0x0000000000000001 is an unknown value
R12=0x0000000002000002 is an unknown value
R13=0x0000025469f10000 points into unknown readable memory: 0x0000000000000000 | 00 00 00 00 00 00 00 00
R14=0x000002546a2af010 points into unknown readable memory: 0x0046005200450050 | 50 00 45 00 52 00 46 00
R15=0x000000006e0092fc is an unknown value

Top of Stack: (sp=0x000000b91b4fed00)
0x000000b91b4fed00:   0000000000000000 0000000000000000
0x000000b91b4fed10:   0000000000000000 0000000000000000
0x000000b91b4fed20:   0000000000000000 0000000000000000
0x000000b91b4fed30:   00008b2d00000000 0000000000008b2d
0x000000b91b4fed40:   0000025469f10000 0000000000000000
0x000000b91b4fed50:   0000000000000000 000002546a2af000
0x000000b91b4fed60:   000002546a2af000 0000000000000000
0x000000b91b4fed70:   0000000000008b2d 000000b91b4fee00
0x000000b91b4fed80:   0000025401980000 00007ffdece6988f
0x000000b91b4fed90:   000002546a33a2d0 000002546a2af000
0x000000b91b4feda0:   0000000000008b2d 0000000000000000
0x000000b91b4fedb0:   0000000000000000 0000000000000000
0x000000b91b4fedc0:   0000000000000000 0000000000000000
0x000000b91b4fedd0:   0000000000000000 0000000000000000
0x000000b91b4fede0:   000002546a2af000 0000000000000000
0x000000b91b4fedf0:   0000000000000000 0000000082000486
0x000000b91b4fee00:   0000000000000000 0000025469f50090
0x000000b91b4fee10:   0000000000000001 0000000000000000
0x000000b91b4fee20:   000002546a32f010 000002546a2af000
0x000000b91b4fee30:   000002546976d0c8 00007ffdece549d6
0x000000b91b4fee40:   0000025401980000 0000025401980000
0x000000b91b4fee50:   0000000000008b2d 000002546a245fc0
0x000000b91b4fee60:   00000000000003ff 0000000000000b2c
0x000000b91b4fee70:   0000000000000000 0000000000000000
0x000000b91b4fee80:   0000000000000001 0000000000008b2d
0x000000b91b4fee90:   0000000000000101 0000000000000000
0x000000b91b4feea0:   0000000000000000 0000000000000000
0x000000b91b4feeb0:   0000000000000001 0000000000000000
0x000000b91b4feec0:   0000000000000000 000002546a32f020
0x000000b91b4feed0:   0000000000000000 000002546a32f020
0x000000b91b4feee0:   000002546a23f010 000002546a1b3000
0x000000b91b4feef0:   000000b91b4ff520 00007ffdece55b47 

Instructions: (pc=0x00007ffdece5874d)
0x00007ffdece5864d:   00 8b ca 8b c2 c1 e8 08 44 8b e2 c1 e9 10 32 c8
0x00007ffdece5865d:   8b c2 c1 e8 18 32 ca 3a c1 74 1e 33 c0 45 33 c9
0x00007ffdece5866d:   48 89 44 24 28 48 8b d5 48 89 44 24 20 8d 48 03
0x00007ffdece5867d:   e8 1e 8b ff ff 41 0f b7 d4 0f b7 c2 41 8b cd 2b
0x00007ffdece5868d:   c8 85 c9 0f 8e 4e 04 00 00 48 83 3e 00 75 0e 8b
0x00007ffdece5869d:   46 08 ff c8 44 3b f8 0f 84 a1 03 00 00 44 8b 46
0x00007ffdece586ad:   08 41 8b fe 44 2b 46 18 41 83 e6 1f 48 8b 46 28
0x00007ffdece586bd:   ba ff ff ff ff c1 ef 05 41 0f b6 ce 41 c1 e8 05
0x00007ffdece586cd:   41 ff c8 d3 e2 23 14 b8 4c 8d 0c b8 0f 84 81 02
0x00007ffdece586dd:   00 00 8b ca 66 85 d2 0f 85 db 01 00 00 f7 c2 00
0x00007ffdece586ed:   00 ff 00 0f 85 f6 03 00 00 48 c1 e9 18 0f b6 0c
0x00007ffdece586fd:   19 83 c1 18 c1 e7 05 03 cf 83 7e 0c 00 8d 04 09
0x00007ffdece5870d:   0f 44 c1 8b c8 48 8b 46 30 48 8b 3c c8 48 85 ff
0x00007ffdece5871d:   0f 84 b5 04 00 00 48 8b 9c 24 98 00 00 00 4c 8d
0x00007ffdece5872d:   85 50 01 00 00 4c 8b 6c 24 40 48 8b 54 24 38 4c
0x00007ffdece5873d:   3b c7 0f 85 4b 01 00 00 48 8b 47 08 4c 8d 73 10
0x00007ffdece5874d:   48 8b 08 48 3b cf 0f 85 22 04 00 00 49 89 3e 49
0x00007ffdece5875d:   89 46 08 4c 89 30 4c 89 77 08 0f b7 43 08 48 01
0x00007ffdece5876d:   85 c0 00 00 00 48 8b bd 38 01 00 00 48 85 ff 0f
0x00007ffdece5877d:   84 80 00 00 00 0f b7 4b 08 8b 47 08 48 3b c8 72
0x00007ffdece5878d:   11 48 8b 17 48 85 d2 0f 84 3f 01 00 00 48 8b fa
0x00007ffdece5879d:   eb e7 8d 50 ff 0f b7 43 08 8b f1 2b 77 18 83 7f
0x00007ffdece587ad:   0c 00 66 89 44 24 30 48 8b 47 30 44 8d 24 36 44
0x00007ffdece587bd:   0f 44 e6 ff 47 10 4e 8b 3c e0 3b ca 75 03 ff 47
0x00007ffdece587cd:   14 4d 85 ff 0f 85 1d 01 00 00 48 8b 47 30 4e 89
0x00007ffdece587dd:   34 e0 4d 85 ff 75 1e 48 8b 47 28 8b d6 83 e6 1f
0x00007ffdece587ed:   48 c1 ea 05 40 0f b6 ce 48 8d 14 90 b8 01 00 00
0x00007ffdece587fd:   00 d3 e0 09 02 83 7d 7c 00 74 16 0f b6 43 0a 32
0x00007ffdece5880d:   43 09 32 43 08 88 43 0b 8b 85 88 00 00 00 31 43
0x00007ffdece5881d:   08 8b 4c 24 34 ba 00 ff 00 00 4c 8b 84 24 a0 00
0x00007ffdece5882d:   00 00 0f b7 f9 0f b7 c1 49 b9 ee fe ee fe ee fe
0x00007ffdece5883d:   ee fe 4c 2b c0 0f b7 c1 48 c1 e0 04 48 03 d8 4c 


Stack slot to memory mapping:

stack at sp + 0 slots: 0x0 is null
stack at sp + 1 slots: 0x0 is null
stack at sp + 2 slots: 0x0 is null
stack at sp + 3 slots: 0x0 is null
stack at sp + 4 slots: 0x0 is null
stack at sp + 5 slots: 0x0 is null
stack at sp + 6 slots: 0x00008b2d00000000 is an unknown value
stack at sp + 7 slots: 0x0000000000008b2d is an unknown value

VM_Operation (0x000000b91adff620): Exit, mode: safepoint, requested by thread 0x00000254019bb530


---------------  P R O C E S S  ---------------

Threads class SMR info:
_java_thread_list=0x00000254696ac9d0, length=18, elements={
0x00000254019bb530, 0x0000025422ba5390, 0x0000025422ba6b60, 0x0000025422bb5a80,
0x0000025422bb7050, 0x0000025422bba760, 0x0000025422bbf690, 0x0000025422bc2830,
0x00000254680af480, 0x00000254681f34d0, 0x0000025468232370, 0x00000254684ba1c0,
0x00000254684c79b0, 0x00000254691751b0, 0x00000254687e34b0, 0x00000254687e13e0,
0x00000254687e1a70, 0x00000254695f77f0
}

Java Threads: ( => current thread )
  0x00000254019bb530 JavaThread "main"                              [_thread_blocked, id=18552, stack(0x000000b91ad00000,0x000000b91ae00000) (1024K)]
  0x0000025422ba5390 JavaThread "Reference Handler"          daemon [_thread_blocked, id=3096, stack(0x000000b91b500000,0x000000b91b600000) (1024K)]
  0x0000025422ba6b60 JavaThread "Finalizer"                  daemon [_thread_blocked, id=3552, stack(0x000000b91b600000,0x000000b91b700000) (1024K)]
  0x0000025422bb5a80 JavaThread "Attach Listener"            daemon [_thread_blocked, id=12668, stack(0x000000b91b800000,0x000000b91b900000) (1024K)]
  0x0000025422bb7050 JavaThread "Service Thread"             daemon [_thread_blocked, id=6404, stack(0x000000b91b900000,0x000000b91ba00000) (1024K)]
  0x0000025422bba760 JavaThread "Monitor Deflation Thread"   daemon [_thread_blocked, id=9720, stack(0x000000b91ba00000,0x000000b91bb00000) (1024K)]
  0x0000025422bbf690 JavaThread "C2 CompilerThread0"         daemon [_thread_blocked, id=17220, stack(0x000000b91bb00000,0x000000b91bc00000) (1024K)]
  0x0000025422bc2830 JavaThread "C1 CompilerThread0"         daemon [_thread_blocked, id=20224, stack(0x000000b91bc00000,0x000000b91bd00000) (1024K)]
  0x00000254680af480 JavaThread "Common-Cleaner"             daemon [_thread_blocked, id=3400, stack(0x000000b91bd00000,0x000000b91be00000) (1024K)]
  0x00000254681f34d0 JavaThread "C2 CompilerThread1"         daemon [_thread_blocked, id=17904, stack(0x000000b91be00000,0x000000b91bf00000) (1024K)]
  0x0000025468232370 JavaThread "IntelliJ Suspend Helper"    daemon [_thread_blocked, id=13912, stack(0x000000b91bf00000,0x000000b91c000000) (1024K)]
  0x00000254684ba1c0 JavaThread "Monitor Ctrl-Break"         daemon [_thread_in_native, id=7840, stack(0x000000b91c000000,0x000000b91c100000) (1024K)]
  0x00000254684c79b0 JavaThread "Notification Thread"        daemon [_thread_blocked, id=8276, stack(0x000000b91c100000,0x000000b91c200000) (1024K)]
  0x00000254691751b0 JavaThread "C2 CompilerThread2"         daemon [_thread_blocked, id=19212, stack(0x000000b91c900000,0x000000b91ca00000) (1024K)]
  0x00000254687e34b0 JavaThread "RMI TCP Accept-0"           daemon [_thread_in_native, id=6760, stack(0x000000b91ca00000,0x000000b91cb00000) (1024K)]
  0x00000254687e13e0 JavaThread "RMI TCP Connection(1)-169.254.203.116" daemon [_thread_in_native, id=20012, stack(0x000000b91cb00000,0x000000b91cc00000) (1024K)]
  0x00000254687e1a70 JavaThread "RMI Scheduler(0)"           daemon [_thread_blocked, id=17676, stack(0x000000b91cc00000,0x000000b91cd00000) (1024K)]
  0x00000254695f77f0 JavaThread "JMX server connection timeout 34" daemon [_thread_blocked, id=14520, stack(0x000000b91cd00000,0x000000b91ce00000) (1024K)]
Total: 18

Other Threads:
=>0x0000025422b84ce0 VMThread "VM Thread"                           [id=18056, stack(0x000000b91b400000,0x000000b91b500000) (1024K)]
  0x000002540341bf20 WorkerThread "GC Thread#0"                     [id=5760, stack(0x000000b91ae00000,0x000000b91af00000) (1024K)]
  0x0000025469134090 WorkerThread "GC Thread#1"                     [id=12812, stack(0x000000b91c200000,0x000000b91c300000) (1024K)]
  0x00000254691de690 WorkerThread "GC Thread#2"                     [id=19056, stack(0x000000b91c300000,0x000000b91c400000) (1024K)]
  0x00000254691e2470 WorkerThread "GC Thread#3"                     [id=20816, stack(0x000000b91c400000,0x000000b91c500000) (1024K)]
  0x0000025469127de0 WorkerThread "GC Thread#4"                     [id=2860, stack(0x000000b91c500000,0x000000b91c600000) (1024K)]
  0x0000025469128190 WorkerThread "GC Thread#5"                     [id=16572, stack(0x000000b91c600000,0x000000b91c700000) (1024K)]
  0x00000254691ff990 WorkerThread "GC Thread#6"                     [id=8196, stack(0x000000b91c700000,0x000000b91c800000) (1024K)]
  0x00000254691ffd40 WorkerThread "GC Thread#7"                     [id=11688, stack(0x000000b91c800000,0x000000b91c900000) (1024K)]
  0x000002540342db40 ConcurrentGCThread "G1 Main Marker"            terminated
  0x00000254034303f0 WorkerThread "G1 Conc#0"                       [id=1680, stack(0x000000b91b000000,0x000000b91b100000) (1024K)]
  0x0000025422a3f600 ConcurrentGCThread "G1 Refine#0"               terminated
  0x0000025422a40e40 ConcurrentGCThread "G1 Service"                terminated
Total: 13

Threads with active compile tasks:
C2 CompilerThread0  1047 1650       4       java.lang.invoke.MethodType::methodType (69 bytes)
C1 CompilerThread0  1047 1661       3       java.lang.invoke.InvokerBytecodeGenerator::emitStaticInvoke (258 bytes)
C2 CompilerThread2  1047 1618       4       java.lang.invoke.MethodType::makeImpl (109 bytes)
Total: 3

VM state: at safepoint (shutting down)

VM Mutex/Monitor currently owned by a thread:  ([mutex/lock_event])
[0x00007ffd6775cbc8] Threads_lock - owner thread: 0x0000025422b84ce0
[0x00007ffd6775ccc8] Heap_lock - owner thread: 0x00000254019bb530

Heap address: 0x0000000702e00000, size: 4050 MB, Compressed Oops mode: Zero based, Oop shift amount: 3

CDS archive(s) mapped at: [0x0000025423000000-0x0000025423c60000-0x0000025423c60000), size 12976128, SharedBaseAddress: 0x0000025423000000, ArchiveRelocationMode: 1.
Compressed class space mapped at: 0x0000025424000000-0x0000025464000000, reserved size: 1073741824
Narrow klass base: 0x0000025423000000, Narrow klass shift: 0, Narrow klass range: 0x41000000

GC Precious Log:
 CardTable entry size: 512
 Card Set container configuration: InlinePtr #cards 4 size 8 Array Of Cards #cards 16 size 48 Howl #buckets 8 coarsen threshold 3686 Howl Bitmap #cards 512 size 80 coarsen threshold 460 Card regions per heap region 1 cards per card region 4096
 CPUs: 8 total, 8 available
 Memory: 16193M
 Large Page Support: Disabled
 NUMA Support: Disabled
 Compressed Oops: Enabled (Zero based)
 Heap Region Size: 2M
 Heap Min Capacity: 8M
 Heap Initial Capacity: 254M
 Heap Max Capacity: 4050M
 Pre-touch: Disabled
 Parallel Workers: 8
 Concurrent Workers: 2
 Concurrent Refinement Workers: 8
 Periodic GC: Disabled

Heap:
 garbage-first heap   total reserved 4147200K, committed 260096K, used 13525K [0x0000000702e00000, 0x0000000800000000)
  region size 2048K, 8 young (16384K), 2 survivors (4096K)
 Metaspace       used 14068K, committed 14336K, reserved 1114112K
  class space    used 1611K, committed 1728K, reserved 1048576K

Heap Regions: E=young(eden), S=young(survivor), O=old, HS=humongous(starts), HC=humongous(continues), CS=collection set, F=free, TAMS=top-at-mark-start, PB=parsable bottom
|   0|0x0000000702e00000, 0x0000000702e00000, 0x0000000703000000|  0%| F|  |TAMS 0x0000000702e00000| PB 0x0000000702e00000| Untracked |  0
|   1|0x0000000703000000, 0x0000000703000000, 0x0000000703200000|  0%| F|  |TAMS 0x0000000703000000| PB 0x0000000703000000| Untracked |  0
|   2|0x0000000703200000, 0x0000000703200000, 0x0000000703400000|  0%| F|  |TAMS 0x0000000703200000| PB 0x0000000703200000| Untracked |  0
|   3|0x0000000703400000, 0x0000000703400000, 0x0000000703600000|  0%| F|  |TAMS 0x0000000703400000| PB 0x0000000703400000| Untracked |  0
|   4|0x0000000703600000, 0x0000000703600000, 0x0000000703800000|  0%| F|  |TAMS 0x0000000703600000| PB 0x0000000703600000| Untracked |  0
|   5|0x0000000703800000, 0x0000000703800000, 0x0000000703a00000|  0%| F|  |TAMS 0x0000000703800000| PB 0x0000000703800000| Untracked |  0
|   6|0x0000000703a00000, 0x0000000703a00000, 0x0000000703c00000|  0%| F|  |TAMS 0x0000000703a00000| PB 0x0000000703a00000| Untracked |  0
|   7|0x0000000703c00000, 0x0000000703c00000, 0x0000000703e00000|  0%| F|  |TAMS 0x0000000703c00000| PB 0x0000000703c00000| Untracked |  0
|   8|0x0000000703e00000, 0x0000000703e00000, 0x0000000704000000|  0%| F|  |TAMS 0x0000000703e00000| PB 0x0000000703e00000| Untracked |  0
|   9|0x0000000704000000, 0x0000000704000000, 0x0000000704200000|  0%| F|  |TAMS 0x0000000704000000| PB 0x0000000704000000| Untracked |  0
|  10|0x0000000704200000, 0x0000000704200000, 0x0000000704400000|  0%| F|  |TAMS 0x0000000704200000| PB 0x0000000704200000| Untracked |  0
|  11|0x0000000704400000, 0x0000000704400000, 0x0000000704600000|  0%| F|  |TAMS 0x0000000704400000| PB 0x0000000704400000| Untracked |  0
|  12|0x0000000704600000, 0x0000000704600000, 0x0000000704800000|  0%| F|  |TAMS 0x0000000704600000| PB 0x0000000704600000| Untracked |  0
|  13|0x0000000704800000, 0x0000000704800000, 0x0000000704a00000|  0%| F|  |TAMS 0x0000000704800000| PB 0x0000000704800000| Untracked |  0
|  14|0x0000000704a00000, 0x0000000704a00000, 0x0000000704c00000|  0%| F|  |TAMS 0x0000000704a00000| PB 0x0000000704a00000| Untracked |  0
|  15|0x0000000704c00000, 0x0000000704c00000, 0x0000000704e00000|  0%| F|  |TAMS 0x0000000704c00000| PB 0x0000000704c00000| Untracked |  0
|  16|0x0000000704e00000, 0x0000000704e00000, 0x0000000705000000|  0%| F|  |TAMS 0x0000000704e00000| PB 0x0000000704e00000| Untracked |  0
|  17|0x0000000705000000, 0x0000000705000000, 0x0000000705200000|  0%| F|  |TAMS 0x0000000705000000| PB 0x0000000705000000| Untracked |  0
|  18|0x0000000705200000, 0x0000000705200000, 0x0000000705400000|  0%| F|  |TAMS 0x0000000705200000| PB 0x0000000705200000| Untracked |  0
|  19|0x0000000705400000, 0x0000000705400000, 0x0000000705600000|  0%| F|  |TAMS 0x0000000705400000| PB 0x0000000705400000| Untracked |  0
|  20|0x0000000705600000, 0x0000000705600000, 0x0000000705800000|  0%| F|  |TAMS 0x0000000705600000| PB 0x0000000705600000| Untracked |  0
|  21|0x0000000705800000, 0x0000000705800000, 0x0000000705a00000|  0%| F|  |TAMS 0x0000000705800000| PB 0x0000000705800000| Untracked |  0
|  22|0x0000000705a00000, 0x0000000705a00000, 0x0000000705c00000|  0%| F|  |TAMS 0x0000000705a00000| PB 0x0000000705a00000| Untracked |  0
|  23|0x0000000705c00000, 0x0000000705c00000, 0x0000000705e00000|  0%| F|  |TAMS 0x0000000705c00000| PB 0x0000000705c00000| Untracked |  0
|  24|0x0000000705e00000, 0x0000000705e00000, 0x0000000706000000|  0%| F|  |TAMS 0x0000000705e00000| PB 0x0000000705e00000| Untracked |  0
|  25|0x0000000706000000, 0x0000000706000000, 0x0000000706200000|  0%| F|  |TAMS 0x0000000706000000| PB 0x0000000706000000| Untracked |  0
|  26|0x0000000706200000, 0x0000000706200000, 0x0000000706400000|  0%| F|  |TAMS 0x0000000706200000| PB 0x0000000706200000| Untracked |  0
|  27|0x0000000706400000, 0x0000000706400000, 0x0000000706600000|  0%| F|  |TAMS 0x0000000706400000| PB 0x0000000706400000| Untracked |  0
|  28|0x0000000706600000, 0x0000000706600000, 0x0000000706800000|  0%| F|  |TAMS 0x0000000706600000| PB 0x0000000706600000| Untracked |  0
|  29|0x0000000706800000, 0x0000000706800000, 0x0000000706a00000|  0%| F|  |TAMS 0x0000000706800000| PB 0x0000000706800000| Untracked |  0
|  30|0x0000000706a00000, 0x0000000706a00000, 0x0000000706c00000|  0%| F|  |TAMS 0x0000000706a00000| PB 0x0000000706a00000| Untracked |  0
|  31|0x0000000706c00000, 0x0000000706c00000, 0x0000000706e00000|  0%| F|  |TAMS 0x0000000706c00000| PB 0x0000000706c00000| Untracked |  0
|  32|0x0000000706e00000, 0x0000000706e00000, 0x0000000707000000|  0%| F|  |TAMS 0x0000000706e00000| PB 0x0000000706e00000| Untracked |  0
|  33|0x0000000707000000, 0x0000000707000000, 0x0000000707200000|  0%| F|  |TAMS 0x0000000707000000| PB 0x0000000707000000| Untracked |  0
|  34|0x0000000707200000, 0x0000000707200000, 0x0000000707400000|  0%| F|  |TAMS 0x0000000707200000| PB 0x0000000707200000| Untracked |  0
|  35|0x0000000707400000, 0x0000000707400000, 0x0000000707600000|  0%| F|  |TAMS 0x0000000707400000| PB 0x0000000707400000| Untracked |  0
|  36|0x0000000707600000, 0x0000000707600000, 0x0000000707800000|  0%| F|  |TAMS 0x0000000707600000| PB 0x0000000707600000| Untracked |  0
|  37|0x0000000707800000, 0x0000000707800000, 0x0000000707a00000|  0%| F|  |TAMS 0x0000000707800000| PB 0x0000000707800000| Untracked |  0
|  38|0x0000000707a00000, 0x0000000707a00000, 0x0000000707c00000|  0%| F|  |TAMS 0x0000000707a00000| PB 0x0000000707a00000| Untracked |  0
|  39|0x0000000707c00000, 0x0000000707c00000, 0x0000000707e00000|  0%| F|  |TAMS 0x0000000707c00000| PB 0x0000000707c00000| Untracked |  0
|  40|0x0000000707e00000, 0x0000000707e00000, 0x0000000708000000|  0%| F|  |TAMS 0x0000000707e00000| PB 0x0000000707e00000| Untracked |  0
|  41|0x0000000708000000, 0x0000000708000000, 0x0000000708200000|  0%| F|  |TAMS 0x0000000708000000| PB 0x0000000708000000| Untracked |  0
|  42|0x0000000708200000, 0x0000000708200000, 0x0000000708400000|  0%| F|  |TAMS 0x0000000708200000| PB 0x0000000708200000| Untracked |  0
|  43|0x0000000708400000, 0x0000000708400000, 0x0000000708600000|  0%| F|  |TAMS 0x0000000708400000| PB 0x0000000708400000| Untracked |  0
|  44|0x0000000708600000, 0x0000000708600000, 0x0000000708800000|  0%| F|  |TAMS 0x0000000708600000| PB 0x0000000708600000| Untracked |  0
|  45|0x0000000708800000, 0x0000000708800000, 0x0000000708a00000|  0%| F|  |TAMS 0x0000000708800000| PB 0x0000000708800000| Untracked |  0
|  46|0x0000000708a00000, 0x0000000708a00000, 0x0000000708c00000|  0%| F|  |TAMS 0x0000000708a00000| PB 0x0000000708a00000| Untracked |  0
|  47|0x0000000708c00000, 0x0000000708c00000, 0x0000000708e00000|  0%| F|  |TAMS 0x0000000708c00000| PB 0x0000000708c00000| Untracked |  0
|  48|0x0000000708e00000, 0x0000000708e00000, 0x0000000709000000|  0%| F|  |TAMS 0x0000000708e00000| PB 0x0000000708e00000| Untracked |  0
|  49|0x0000000709000000, 0x0000000709000000, 0x0000000709200000|  0%| F|  |TAMS 0x0000000709000000| PB 0x0000000709000000| Untracked |  0
|  50|0x0000000709200000, 0x0000000709200000, 0x0000000709400000|  0%| F|  |TAMS 0x0000000709200000| PB 0x0000000709200000| Untracked |  0
|  51|0x0000000709400000, 0x0000000709400000, 0x0000000709600000|  0%| F|  |TAMS 0x0000000709400000| PB 0x0000000709400000| Untracked |  0
|  52|0x0000000709600000, 0x0000000709600000, 0x0000000709800000|  0%| F|  |TAMS 0x0000000709600000| PB 0x0000000709600000| Untracked |  0
|  53|0x0000000709800000, 0x0000000709800000, 0x0000000709a00000|  0%| F|  |TAMS 0x0000000709800000| PB 0x0000000709800000| Untracked |  0
|  54|0x0000000709a00000, 0x0000000709a00000, 0x0000000709c00000|  0%| F|  |TAMS 0x0000000709a00000| PB 0x0000000709a00000| Untracked |  0
|  55|0x0000000709c00000, 0x0000000709c00000, 0x0000000709e00000|  0%| F|  |TAMS 0x0000000709c00000| PB 0x0000000709c00000| Untracked |  0
|  56|0x0000000709e00000, 0x0000000709e00000, 0x000000070a000000|  0%| F|  |TAMS 0x0000000709e00000| PB 0x0000000709e00000| Untracked |  0
|  57|0x000000070a000000, 0x000000070a000000, 0x000000070a200000|  0%| F|  |TAMS 0x000000070a000000| PB 0x000000070a000000| Untracked |  0
|  58|0x000000070a200000, 0x000000070a200000, 0x000000070a400000|  0%| F|  |TAMS 0x000000070a200000| PB 0x000000070a200000| Untracked |  0
|  59|0x000000070a400000, 0x000000070a400000, 0x000000070a600000|  0%| F|  |TAMS 0x000000070a400000| PB 0x000000070a400000| Untracked |  0
|  60|0x000000070a600000, 0x000000070a600000, 0x000000070a800000|  0%| F|  |TAMS 0x000000070a600000| PB 0x000000070a600000| Untracked |  0
|  61|0x000000070a800000, 0x000000070a800000, 0x000000070aa00000|  0%| F|  |TAMS 0x000000070a800000| PB 0x000000070a800000| Untracked |  0
|  62|0x000000070aa00000, 0x000000070aa00000, 0x000000070ac00000|  0%| F|  |TAMS 0x000000070aa00000| PB 0x000000070aa00000| Untracked |  0
|  63|0x000000070ac00000, 0x000000070ac00000, 0x000000070ae00000|  0%| F|  |TAMS 0x000000070ac00000| PB 0x000000070ac00000| Untracked |  0
|  64|0x000000070ae00000, 0x000000070ae00000, 0x000000070b000000|  0%| F|  |TAMS 0x000000070ae00000| PB 0x000000070ae00000| Untracked |  0
|  65|0x000000070b000000, 0x000000070b000000, 0x000000070b200000|  0%| F|  |TAMS 0x000000070b000000| PB 0x000000070b000000| Untracked |  0
|  66|0x000000070b200000, 0x000000070b200000, 0x000000070b400000|  0%| F|  |TAMS 0x000000070b200000| PB 0x000000070b200000| Untracked |  0
|  67|0x000000070b400000, 0x000000070b400000, 0x000000070b600000|  0%| F|  |TAMS 0x000000070b400000| PB 0x000000070b400000| Untracked |  0
|  68|0x000000070b600000, 0x000000070b600000, 0x000000070b800000|  0%| F|  |TAMS 0x000000070b600000| PB 0x000000070b600000| Untracked |  0
|  69|0x000000070b800000, 0x000000070b800000, 0x000000070ba00000|  0%| F|  |TAMS 0x000000070b800000| PB 0x000000070b800000| Untracked |  0
|  70|0x000000070ba00000, 0x000000070ba00000, 0x000000070bc00000|  0%| F|  |TAMS 0x000000070ba00000| PB 0x000000070ba00000| Untracked |  0
|  71|0x000000070bc00000, 0x000000070bc00000, 0x000000070be00000|  0%| F|  |TAMS 0x000000070bc00000| PB 0x000000070bc00000| Untracked |  0
|  72|0x000000070be00000, 0x000000070be00000, 0x000000070c000000|  0%| F|  |TAMS 0x000000070be00000| PB 0x000000070be00000| Untracked |  0
|  73|0x000000070c000000, 0x000000070c000000, 0x000000070c200000|  0%| F|  |TAMS 0x000000070c000000| PB 0x000000070c000000| Untracked |  0
|  74|0x000000070c200000, 0x000000070c200000, 0x000000070c400000|  0%| F|  |TAMS 0x000000070c200000| PB 0x000000070c200000| Untracked |  0
|  75|0x000000070c400000, 0x000000070c400000, 0x000000070c600000|  0%| F|  |TAMS 0x000000070c400000| PB 0x000000070c400000| Untracked |  0
|  76|0x000000070c600000, 0x000000070c600000, 0x000000070c800000|  0%| F|  |TAMS 0x000000070c600000| PB 0x000000070c600000| Untracked |  0
|  77|0x000000070c800000, 0x000000070c800000, 0x000000070ca00000|  0%| F|  |TAMS 0x000000070c800000| PB 0x000000070c800000| Untracked |  0
|  78|0x000000070ca00000, 0x000000070ca00000, 0x000000070cc00000|  0%| F|  |TAMS 0x000000070ca00000| PB 0x000000070ca00000| Untracked |  0
|  79|0x000000070cc00000, 0x000000070cc00000, 0x000000070ce00000|  0%| F|  |TAMS 0x000000070cc00000| PB 0x000000070cc00000| Untracked |  0
|  80|0x000000070ce00000, 0x000000070ce00000, 0x000000070d000000|  0%| F|  |TAMS 0x000000070ce00000| PB 0x000000070ce00000| Untracked |  0
|  81|0x000000070d000000, 0x000000070d000000, 0x000000070d200000|  0%| F|  |TAMS 0x000000070d000000| PB 0x000000070d000000| Untracked |  0
|  82|0x000000070d200000, 0x000000070d200000, 0x000000070d400000|  0%| F|  |TAMS 0x000000070d200000| PB 0x000000070d200000| Untracked |  0
|  83|0x000000070d400000, 0x000000070d400000, 0x000000070d600000|  0%| F|  |TAMS 0x000000070d400000| PB 0x000000070d400000| Untracked |  0
|  84|0x000000070d600000, 0x000000070d600000, 0x000000070d800000|  0%| F|  |TAMS 0x000000070d600000| PB 0x000000070d600000| Untracked |  0
|  85|0x000000070d800000, 0x000000070d800000, 0x000000070da00000|  0%| F|  |TAMS 0x000000070d800000| PB 0x000000070d800000| Untracked |  0
|  86|0x000000070da00000, 0x000000070da00000, 0x000000070dc00000|  0%| F|  |TAMS 0x000000070da00000| PB 0x000000070da00000| Untracked |  0
|  87|0x000000070dc00000, 0x000000070dc00000, 0x000000070de00000|  0%| F|  |TAMS 0x000000070dc00000| PB 0x000000070dc00000| Untracked |  0
|  88|0x000000070de00000, 0x000000070de00000, 0x000000070e000000|  0%| F|  |TAMS 0x000000070de00000| PB 0x000000070de00000| Untracked |  0
|  89|0x000000070e000000, 0x000000070e000000, 0x000000070e200000|  0%| F|  |TAMS 0x000000070e000000| PB 0x000000070e000000| Untracked |  0
|  90|0x000000070e200000, 0x000000070e200000, 0x000000070e400000|  0%| F|  |TAMS 0x000000070e200000| PB 0x000000070e200000| Untracked |  0
|  91|0x000000070e400000, 0x000000070e400000, 0x000000070e600000|  0%| F|  |TAMS 0x000000070e400000| PB 0x000000070e400000| Untracked |  0
|  92|0x000000070e600000, 0x000000070e600000, 0x000000070e800000|  0%| F|  |TAMS 0x000000070e600000| PB 0x000000070e600000| Untracked |  0
|  93|0x000000070e800000, 0x000000070e800000, 0x000000070ea00000|  0%| F|  |TAMS 0x000000070e800000| PB 0x000000070e800000| Untracked |  0
|  94|0x000000070ea00000, 0x000000070ea00000, 0x000000070ec00000|  0%| F|  |TAMS 0x000000070ea00000| PB 0x000000070ea00000| Untracked |  0
|  95|0x000000070ec00000, 0x000000070ec00000, 0x000000070ee00000|  0%| F|  |TAMS 0x000000070ec00000| PB 0x000000070ec00000| Untracked |  0
|  96|0x000000070ee00000, 0x000000070ee00000, 0x000000070f000000|  0%| F|  |TAMS 0x000000070ee00000| PB 0x000000070ee00000| Untracked |  0
|  97|0x000000070f000000, 0x000000070f000000, 0x000000070f200000|  0%| F|  |TAMS 0x000000070f000000| PB 0x000000070f000000| Untracked |  0
|  98|0x000000070f200000, 0x000000070f200000, 0x000000070f400000|  0%| F|  |TAMS 0x000000070f200000| PB 0x000000070f200000| Untracked |  0
|  99|0x000000070f400000, 0x000000070f400000, 0x000000070f600000|  0%| F|  |TAMS 0x000000070f400000| PB 0x000000070f400000| Untracked |  0
| 100|0x000000070f600000, 0x000000070f600000, 0x000000070f800000|  0%| F|  |TAMS 0x000000070f600000| PB 0x000000070f600000| Untracked |  0
| 101|0x000000070f800000, 0x000000070f800000, 0x000000070fa00000|  0%| F|  |TAMS 0x000000070f800000| PB 0x000000070f800000| Untracked |  0
| 102|0x000000070fa00000, 0x000000070fa00000, 0x000000070fc00000|  0%| F|  |TAMS 0x000000070fa00000| PB 0x000000070fa00000| Untracked |  0
| 103|0x000000070fc00000, 0x000000070fc00000, 0x000000070fe00000|  0%| F|  |TAMS 0x000000070fc00000| PB 0x000000070fc00000| Untracked |  0
| 104|0x000000070fe00000, 0x000000070fe00000, 0x0000000710000000|  0%| F|  |TAMS 0x000000070fe00000| PB 0x000000070fe00000| Untracked |  0
| 105|0x0000000710000000, 0x0000000710000000, 0x0000000710200000|  0%| F|  |TAMS 0x0000000710000000| PB 0x0000000710000000| Untracked |  0
| 106|0x0000000710200000, 0x0000000710200000, 0x0000000710400000|  0%| F|  |TAMS 0x0000000710200000| PB 0x0000000710200000| Untracked |  0
| 107|0x0000000710400000, 0x0000000710400000, 0x0000000710600000|  0%| F|  |TAMS 0x0000000710400000| PB 0x0000000710400000| Untracked |  0
| 108|0x0000000710600000, 0x0000000710600000, 0x0000000710800000|  0%| F|  |TAMS 0x0000000710600000| PB 0x0000000710600000| Untracked |  0
| 109|0x0000000710800000, 0x0000000710800000, 0x0000000710a00000|  0%| F|  |TAMS 0x0000000710800000| PB 0x0000000710800000| Untracked |  0
| 110|0x0000000710a00000, 0x0000000710a00000, 0x0000000710c00000|  0%| F|  |TAMS 0x0000000710a00000| PB 0x0000000710a00000| Untracked |  0
| 111|0x0000000710c00000, 0x0000000710c00000, 0x0000000710e00000|  0%| F|  |TAMS 0x0000000710c00000| PB 0x0000000710c00000| Untracked |  0
| 112|0x0000000710e00000, 0x0000000710e00000, 0x0000000711000000|  0%| F|  |TAMS 0x0000000710e00000| PB 0x0000000710e00000| Untracked |  0
| 113|0x0000000711000000, 0x0000000711135508, 0x0000000711200000| 60%| S|CS|TAMS 0x0000000711000000| PB 0x0000000711000000| Complete |  0
| 114|0x0000000711200000, 0x0000000711400000, 0x0000000711400000|100%| S|CS|TAMS 0x0000000711200000| PB 0x0000000711200000| Complete |  0
| 115|0x0000000711400000, 0x0000000711400000, 0x0000000711600000|  0%| F|  |TAMS 0x0000000711400000| PB 0x0000000711400000| Untracked |  0
| 116|0x0000000711600000, 0x0000000711600000, 0x0000000711800000|  0%| F|  |TAMS 0x0000000711600000| PB 0x0000000711600000| Untracked |  0
| 117|0x0000000711800000, 0x0000000711800000, 0x0000000711a00000|  0%| F|  |TAMS 0x0000000711800000| PB 0x0000000711800000| Untracked |  0
| 118|0x0000000711a00000, 0x0000000711a00000, 0x0000000711c00000|  0%| F|  |TAMS 0x0000000711a00000| PB 0x0000000711a00000| Untracked |  0
| 119|0x0000000711c00000, 0x0000000711c00000, 0x0000000711e00000|  0%| F|  |TAMS 0x0000000711c00000| PB 0x0000000711c00000| Untracked |  0
| 120|0x0000000711e00000, 0x0000000711e00000, 0x0000000712000000|  0%| F|  |TAMS 0x0000000711e00000| PB 0x0000000711e00000| Untracked |  0
| 121|0x0000000712000000, 0x00000007121e9d28, 0x0000000712200000| 95%| E|  |TAMS 0x0000000712000000| PB 0x0000000712000000| Complete |  0
| 122|0x0000000712200000, 0x0000000712400000, 0x0000000712400000|100%| E|CS|TAMS 0x0000000712200000| PB 0x0000000712200000| Complete |  0
| 123|0x0000000712400000, 0x0000000712600000, 0x0000000712600000|100%| E|CS|TAMS 0x0000000712400000| PB 0x0000000712400000| Complete |  0
| 124|0x0000000712600000, 0x0000000712800000, 0x0000000712800000|100%| E|CS|TAMS 0x0000000712600000| PB 0x0000000712600000| Complete |  0
| 125|0x0000000712800000, 0x0000000712a00000, 0x0000000712a00000|100%| E|CS|TAMS 0x0000000712800000| PB 0x0000000712800000| Complete |  0
| 126|0x0000000712a00000, 0x0000000712c00000, 0x0000000712c00000|100%| E|CS|TAMS 0x0000000712a00000| PB 0x0000000712a00000| Complete |  0

Card table byte_map: [0x000002541ba10000,0x000002541c200000] _byte_map_base: 0x00000254181f9000

Marking Bits: (CMBitMap*) 0x000002540341c540
 Bits: [0x000002541c200000, 0x0000025420148000)

Polling page: 0x0000025403470000

Metaspace:

Usage:
  Non-class:     12.16 MB used.
      Class:      1.57 MB used.
       Both:     13.74 MB used.

Virtual space:
  Non-class space:       64.00 MB reserved,      12.31 MB ( 19%) committed,  1 nodes.
      Class space:        1.00 GB reserved,       1.69 MB ( <1%) committed,  1 nodes.
             Both:        1.06 GB reserved,      14.00 MB (  1%) committed. 

Chunk freelists:
   Non-Class:  2.82 MB
       Class:  14.12 MB
        Both:  16.94 MB

MaxMetaspaceSize: unlimited
CompressedClassSpaceSize: 1.00 GB
Initial GC threshold: 21.00 MB
Current GC threshold: 21.00 MB
CDS: on
 - commit_granule_bytes: 65536.
 - commit_granule_words: 8192.
 - virtual_space_node_default_size: 8388608.
 - enlarge_chunks_in_place: 1.
 - use_allocation_guard: 0.


Internal statistics:

num_allocs_failed_limit: 0.
num_arena_births: 290.
num_arena_deaths: 0.
num_vsnodes_births: 2.
num_vsnodes_deaths: 0.
num_space_committed: 224.
num_space_uncommitted: 0.
num_chunks_returned_to_freelist: 0.
num_chunks_taken_from_freelist: 535.
num_chunk_merges: 0.
num_chunk_splits: 274.
num_chunks_enlarged: 122.
num_inconsistent_stats: 0.

CodeHeap 'non-profiled nmethods': size=120000Kb used=585Kb max_used=585Kb free=119414Kb
 bounds [0x0000025413290000, 0x0000025413500000, 0x000002541a7c0000]
CodeHeap 'profiled nmethods': size=120000Kb used=2905Kb max_used=2905Kb free=117094Kb
 bounds [0x000002540b7c0000, 0x000002540baa0000, 0x0000025412cf0000]
CodeHeap 'non-nmethods': size=5760Kb used=1432Kb max_used=1454Kb free=4327Kb
 bounds [0x0000025412cf0000, 0x0000025412f60000, 0x0000025413290000]
 total_blobs=2181 nmethods=1660 adapters=425
 compilation: enabled
              stopped_count=0, restarted_count=0
 full_count=0

Compilation events (20 events):
Event: 0.483 Thread 0x0000025422bc2830 1645       3       org.jetbrains.capture.org.objectweb.asm.ClassReader::readClass (7 bytes)
Event: 0.483 Thread 0x0000025422bc2830 nmethod 1645 0x000002540ba90810 code [0x000002540ba909e0, 0x000002540ba90d38]
Event: 0.483 Thread 0x0000025422bc2830 1646       3       org.jetbrains.capture.org.objectweb.asm.ClassReader::readStringish (16 bytes)
Event: 0.483 Thread 0x0000025422bc2830 nmethod 1646 0x000002540ba90f10 code [0x000002540ba910e0, 0x000002540ba913c8]
Event: 0.483 Thread 0x0000025422bc2830 1643       3       java.lang.invoke.LambdaFormBuffer::changeName (149 bytes)
Event: 0.483 Thread 0x0000025422bc2830 nmethod 1643 0x000002540ba91590 code [0x000002540ba91760, 0x000002540ba91c78]
Event: 0.483 Thread 0x0000025422bc2830 1663       3       java.util.ArrayList::<init> (12 bytes)
Event: 0.484 Thread 0x0000025422bc2830 nmethod 1663 0x000002540ba91e10 code [0x000002540ba91fc0, 0x000002540ba92260]
Event: 0.484 Thread 0x0000025422bc2830 1644       3       java.lang.invoke.LambdaForm::returnType (26 bytes)
Event: 0.484 Thread 0x0000025422bc2830 nmethod 1644 0x000002540ba92390 code [0x000002540ba92540, 0x000002540ba926f0]
Event: 0.484 Thread 0x0000025422bc2830 1665   !   3       java.lang.invoke.MemberName::getFieldType (178 bytes)
Event: 0.484 Thread 0x0000025422bc2830 nmethod 1665 0x000002540ba92810 code [0x000002540ba92b00, 0x000002540ba93d60]
Event: 0.484 Thread 0x0000025422bc2830 1658       3       java.lang.invoke.LambdaForm$NamedFunction::member (26 bytes)
Event: 0.485 Thread 0x00000254681f34d0 nmethod 1629 0x0000025413321390 code [0x00000254133215a0, 0x0000025413321f90]
Event: 0.485 Thread 0x0000025422bc2830 nmethod 1658 0x000002540ba94390 code [0x000002540ba94520, 0x000002540ba94640]
Event: 0.485 Thread 0x0000025422bc2830 1659       3       java.lang.invoke.InvokerBytecodeGenerator::isStaticallyInvocable (165 bytes)
Event: 0.486 Thread 0x0000025422bc2830 nmethod 1659 0x000002540ba94710 code [0x000002540ba94ac0, 0x000002540ba95e40]
Event: 0.486 Thread 0x0000025422bc2830 1660       3       java.lang.invoke.MemberName::isPrivate (8 bytes)
Event: 0.486 Thread 0x0000025422bc2830 nmethod 1660 0x000002540ba96390 code [0x000002540ba96520, 0x000002540ba966e0]
Event: 0.486 Thread 0x0000025422bc2830 1661       3       java.lang.invoke.InvokerBytecodeGenerator::emitStaticInvoke (258 bytes)

GC Heap History (2 events):
Event: 0.336 GC heap before
{Heap before GC invocations=0 (full 0):
 garbage-first heap   total reserved 4147200K, committed 260096K, used 22528K [0x0000000702e00000, 0x0000000800000000)
  region size 2048K, 12 young (24576K), 0 survivors (0K)
 Metaspace       used 10394K, committed 10560K, reserved 1114112K
  class space    used 1091K, committed 1152K, reserved 1048576K
}
Event: 0.339 GC heap after
{Heap after GC invocations=1 (full 0):
 garbage-first heap   total reserved 4147200K, committed 260096K, used 3285K [0x0000000702e00000, 0x0000000800000000)
  region size 2048K, 2 young (4096K), 2 survivors (4096K)
 Metaspace       used 10394K, committed 10560K, reserved 1114112K
  class space    used 1091K, committed 1152K, reserved 1048576K
}

Dll operation events (11 events):
Event: 0.008 Loaded shared library C:\Program Files\Java\jdk-22\bin\java.dll
Event: 0.009 Loaded shared library C:\Program Files\Java\jdk-22\bin\zip.dll
Event: 0.033 Loaded shared library C:\Program Files\Java\jdk-22\bin\jsvml.dll
Event: 0.069 Loaded shared library C:\Program Files\Java\jdk-22\bin\instrument.dll
Event: 0.098 Loaded shared library C:\Program Files\Java\jdk-22\bin\net.dll
Event: 0.099 Loaded shared library C:\Program Files\Java\jdk-22\bin\nio.dll
Event: 0.105 Loaded shared library C:\Program Files\Java\jdk-22\bin\zip.dll
Event: 0.122 Loaded shared library C:\Program Files\Java\jdk-22\bin\extnet.dll
Event: 0.161 Loaded shared library C:\Program Files\Java\jdk-22\bin\jimage.dll
Event: 0.212 Loaded shared library C:\Program Files\Java\jdk-22\bin\management.dll
Event: 0.222 Loaded shared library C:\Program Files\Java\jdk-22\bin\management_ext.dll

Deoptimization events (20 events):
Event: 0.456 Thread 0x00000254019bb530 Uncommon trap: trap_request=0xffffff45 fr.pc=0x00000254132df0d4 relative=0x0000000000000054
Event: 0.456 Thread 0x00000254019bb530 Uncommon trap: reason=unstable_if action=reinterpret pc=0x00000254132df0d4 method=java.lang.CharacterData.of(I)Ljava/lang/CharacterData; @ 4 c2
Event: 0.456 Thread 0x00000254019bb530 DEOPT PACKING pc=0x00000254132df0d4 sp=0x000000b91adfbdd0
Event: 0.456 Thread 0x00000254019bb530 DEOPT UNPACKING pc=0x0000025412d446a2 sp=0x000000b91adfbd70 mode 2
Event: 0.458 Thread 0x00000254019bb530 Uncommon trap: trap_request=0xffffff45 fr.pc=0x00000254132996d0 relative=0x00000000000000b0
Event: 0.458 Thread 0x00000254019bb530 Uncommon trap: reason=unstable_if action=reinterpret pc=0x00000254132996d0 method=java.lang.String.isLatin1()Z @ 10 c2
Event: 0.458 Thread 0x00000254019bb530 DEOPT PACKING pc=0x00000254132996d0 sp=0x000000b91adfc620
Event: 0.458 Thread 0x00000254019bb530 DEOPT UNPACKING pc=0x0000025412d446a2 sp=0x000000b91adfc550 mode 2
Event: 0.458 Thread 0x00000254019bb530 Uncommon trap: trap_request=0xffffff45 fr.pc=0x00000254132b1ab4 relative=0x0000000000000194
Event: 0.458 Thread 0x00000254019bb530 Uncommon trap: reason=unstable_if action=reinterpret pc=0x00000254132b1ab4 method=jdk.internal.util.ArraysSupport.vectorizedHashCode(Ljava/lang/Object;IIII)I @ 2 c2
Event: 0.458 Thread 0x00000254019bb530 DEOPT PACKING pc=0x00000254132b1ab4 sp=0x000000b91adfc520
Event: 0.458 Thread 0x00000254019bb530 DEOPT UNPACKING pc=0x0000025412d446a2 sp=0x000000b91adfc4d0 mode 2
Event: 0.468 Thread 0x00000254695f77f0 Uncommon trap: trap_request=0xffffff45 fr.pc=0x0000025413303058 relative=0x0000000000000fd8
Event: 0.468 Thread 0x00000254695f77f0 Uncommon trap: reason=unstable_if action=reinterpret pc=0x0000025413303058 method=java.util.concurrent.ConcurrentHashMap.addCount(JI)V @ 171 c2
Event: 0.468 Thread 0x00000254695f77f0 DEOPT PACKING pc=0x0000025413303058 sp=0x000000b91cdfe820
Event: 0.468 Thread 0x00000254695f77f0 DEOPT UNPACKING pc=0x0000025412d446a2 sp=0x000000b91cdfe6e0 mode 2
Event: 0.468 Thread 0x00000254019bb530 Uncommon trap: trap_request=0xffffff45 fr.pc=0x0000025413303058 relative=0x0000000000000fd8
Event: 0.468 Thread 0x00000254019bb530 Uncommon trap: reason=unstable_if action=reinterpret pc=0x0000025413303058 method=java.util.concurrent.ConcurrentHashMap.addCount(JI)V @ 171 c2
Event: 0.468 Thread 0x00000254019bb530 DEOPT PACKING pc=0x0000025413303058 sp=0x000000b91adfc9a0
Event: 0.468 Thread 0x00000254019bb530 DEOPT UNPACKING pc=0x0000025412d446a2 sp=0x000000b91adfc860 mode 2

Classes loaded (20 events):
Event: 0.482 Loading class java/util/concurrent/ForkJoinPool$DefaultForkJoinWorkerThreadFactory
Event: 0.483 Loading class java/util/concurrent/ForkJoinPool$DefaultForkJoinWorkerThreadFactory done
Event: 0.483 Loading class java/util/concurrent/ForkJoinPool$2
Event: 0.483 Loading class java/util/concurrent/ForkJoinPool$2 done
Event: 0.483 Loading class java/util/concurrent/CompletableFuture$Completion
Event: 0.483 Loading class java/util/concurrent/CompletableFuture$AsynchronousCompletionTask
Event: 0.483 Loading class java/util/concurrent/CompletableFuture$AsynchronousCompletionTask done
Event: 0.483 Loading class java/util/concurrent/CompletableFuture$Completion done
Event: 0.483 Loading class org/junit/platform/launcher/TestPlan
Event: 0.483 Loading class org/junit/platform/launcher/TestPlan done
Event: 0.483 Loading class org/junit/platform/launcher/TestPlan
Event: 0.483 Loading class org/junit/platform/launcher/TestPlan done
Event: 0.484 Loading class org/junit/platform/launcher/TestPlan
Event: 0.484 Loading class org/junit/platform/launcher/TestPlan done
Event: 0.484 Loading class org/junit/platform/launcher/TestPlan
Event: 0.484 Loading class org/junit/platform/launcher/TestPlan done
Event: 0.484 Loading class org/junit/platform/launcher/core/DefaultLauncherSession$ClosedLauncher
Event: 0.484 Loading class org/junit/platform/launcher/core/DefaultLauncherSession$ClosedLauncher done
Event: 0.485 Loading class java/util/IdentityHashMap$KeyIterator
Event: 0.485 Loading class java/util/IdentityHashMap$KeyIterator done

Classes unloaded (0 events):
No events

Classes redefined (1 events):
Event: 0.086 Thread 0x0000025422b84ce0 redefined class name=java.lang.Throwable, count=1

Internal exceptions (20 events):
Event: 0.354 Thread 0x00000254019bb530 Exception <a 'java/lang/NoSuchMethodError'{0x0000000712a6d390}: 'java.lang.Object java.lang.invoke.DirectMethodHandle$Holder.newInvokeSpecial(java.lang.Object, java.lang.Object, int)'> (0x0000000712a6d390) 
thrown [s\open\src\hotspot\share\interpreter\linkResolver.cpp, line 774]
Event: 0.369 Thread 0x00000254019bb530 Exception <a 'java/lang/NoSuchMethodError'{0x00000007128afd58}: 'int java.lang.invoke.DirectMethodHandle$Holder.invokeStatic(java.lang.Object, java.lang.Object, java.lang.Object, java.lang.Object)'> (0x00000007128afd58) 
thrown [s\open\src\hotspot\share\interpreter\linkResolver.cpp, line 774]
Event: 0.371 Thread 0x00000254019bb530 Exception <a 'java/lang/NoSuchMethodError'{0x00000007128bdcc0}: 'int java.lang.invoke.DirectMethodHandle$Holder.invokeStatic(java.lang.Object, java.lang.Object, java.lang.Object, java.lang.Object, java.lang.Object)'> (0x00000007128bdcc0) 
thrown [s\open\src\hotspot\share\interpreter\linkResolver.cpp, line 774]
Event: 0.380 Thread 0x00000254019bb530 Exception <a 'java/lang/NoSuchMethodError'{0x0000000712901898}: 'void java.lang.invoke.DirectMethodHandle$Holder.invokeStaticInit(java.lang.Object)'> (0x0000000712901898) 
thrown [s\open\src\hotspot\share\interpreter\linkResolver.cpp, line 774]
Event: 0.393 Thread 0x0000025422bb5a80 Exception <a 'java/lang/NoSuchMethodError'{0x000000071296d6b8}: 'java.lang.Object java.lang.invoke.DirectMethodHandle$Holder.invokeStaticInit(java.lang.Object, int, int, int, int)'> (0x000000071296d6b8) 
thrown [s\open\src\hotspot\share\interpreter\linkResolver.cpp, line 774]
Event: 0.398 Thread 0x00000254019bb530 Exception <a 'java/lang/NoSuchMethodError'{0x0000000712609fd0}: 'void java.lang.invoke.DirectMethodHandle$Holder.invokeStaticInit(java.lang.Object, java.lang.Object, java.lang.Object, java.lang.Object)'> (0x0000000712609fd0) 
thrown [s\open\src\hotspot\share\interpreter\linkResolver.cpp, line 774]
Event: 0.410 Thread 0x00000254019bb530 Exception <a 'java/lang/NoSuchMethodError'{0x00000007127056e8}: 'int java.lang.invoke.DirectMethodHandle$Holder.invokeStaticInit(java.lang.Object, java.lang.Object)'> (0x00000007127056e8) 
thrown [s\open\src\hotspot\share\interpreter\linkResolver.cpp, line 774]
Event: 0.410 Thread 0x0000025422bb5a80 Exception <a 'java/lang/NoSuchMethodError'{0x0000000712774810}: 'java.lang.Object java.lang.invoke.DirectMethodHandle$Holder.invokeStaticInit(java.lang.Object, java.lang.Object, int, int, int, int)'> (0x0000000712774810) 
thrown [s\open\src\hotspot\share\interpreter\linkResolver.cpp, line 774]
Event: 0.423 Thread 0x0000025422bb5a80 Exception <a 'java/lang/ClassNotFoundException'{0x0000000712406e28}: javax/management/remote/rmi/RMIServerImpl_Skel> (0x0000000712406e28) 
thrown [s\open\src\hotspot\share\classfile\systemDictionary.cpp, line 313]
Event: 0.440 Thread 0x00000254019bb530 Exception <a 'java/lang/NoSuchMethodError'{0x0000000712561460}: 'java.lang.Object java.lang.invoke.DirectMethodHandle$Holder.newInvokeSpecial(java.lang.Object, java.lang.Object, java.lang.Object, java.lang.Object, java.lang.Object, java.lang.Object, java.lang.Object)'> (0x0000000712561460) 
thrown [s\open\src\hotspot\share\interpreter\linkResolver.cpp, line 774]
Event: 0.441 Thread 0x00000254019bb530 Exception <a 'java/lang/NoSuchMethodError'{0x0000000712570ee0}: 'java.lang.Object java.lang.invoke.DirectMethodHandle$Holder.invokeInterface(java.lang.Object, java.lang.Object, java.lang.Object, java.lang.Object, java.lang.Object)'> (0x0000000712570ee0) 
thrown [s\open\src\hotspot\share\interpreter\linkResolver.cpp, line 774]
Event: 0.441 Thread 0x00000254019bb530 Exception <a 'java/lang/IncompatibleClassChangeError'{0x0000000712574a38}: Found class java.lang.Object, but interface was expected> (0x0000000712574a38) 
thrown [s\open\src\hotspot\share\interpreter\linkResolver.cpp, line 841]
Event: 0.460 Thread 0x00000254019bb530 Exception <a 'java/lang/NoSuchMethodError'{0x00000007122a3888}: 'void java.lang.invoke.DirectMethodHandle$Holder.invokeVirtual(java.lang.Object, java.lang.Object)'> (0x00000007122a3888) 
thrown [s\open\src\hotspot\share\interpreter\linkResolver.cpp, line 774]
Event: 0.460 Thread 0x00000254687e13e0 Exception <a 'java/lang/NoSuchMethodError'{0x00000007122f3f38}: static [B.<clinit>()V> (0x00000007122f3f38) 
thrown [s\open\src\hotspot\share\prims\jni.cpp, line 1111]
Event: 0.467 Thread 0x00000254687e13e0 Exception <a 'java/lang/ClassNotFoundException'{0x00000007123fabe0}: javax/management/remote/rmi/RMIConnectionImpl_Skel> (0x00000007123fabe0) 
thrown [s\open\src\hotspot\share\classfile\systemDictionary.cpp, line 313]
Event: 0.469 Thread 0x00000254695f77f0 Exception <a 'java/lang/NoSuchMethodError'{0x000000071202d1f8}: 'java.lang.Object java.lang.invoke.Invokers$Holder.linkToTargetMethod(java.lang.Object, long, java.lang.Object)'> (0x000000071202d1f8) 
thrown [s\open\src\hotspot\share\interpreter\linkResolver.cpp, line 774]
Event: 0.474 Thread 0x00000254687e13e0 Exception <a 'java/lang/NoSuchMethodError'{0x00000007120aa1e0}: 'int java.lang.invoke.DirectMethodHandle$Holder.invokeInterface(java.lang.Object, java.lang.Object, java.lang.Object, java.lang.Object, java.lang.Object)'> (0x00000007120aa1e0) 
thrown [s\open\src\hotspot\share\interpreter\linkResolver.cpp, line 774]
Event: 0.475 Thread 0x00000254687e13e0 Exception <a 'java/lang/NoSuchMethodError'{0x00000007120b2408}: 'int java.lang.invoke.DelegatingMethodHandle$Holder.reinvoke_L(java.lang.Object, java.lang.Object, java.lang.Object, java.lang.Object, java.lang.Object)'> (0x00000007120b2408) 
thrown [s\open\src\hotspot\share\interpreter\linkResolver.cpp, line 774]
Event: 0.483 Thread 0x00000254687e13e0 Exception <a 'java/lang/NoSuchMethodError'{0x000000071213edf0}: 'double java.lang.invoke.DirectMethodHandle$Holder.invokeInterface(java.lang.Object, java.lang.Object)'> (0x000000071213edf0) 
thrown [s\open\src\hotspot\share\interpreter\linkResolver.cpp, line 774]
Event: 0.483 Thread 0x00000254687e13e0 Exception <a 'java/lang/NoSuchMethodError'{0x00000007121467b0}: 'double java.lang.invoke.DelegatingMethodHandle$Holder.reinvoke_L(java.lang.Object, java.lang.Object)'> (0x00000007121467b0) 
thrown [s\open\src\hotspot\share\interpreter\linkResolver.cpp, line 774]

ZGC Phase Switch (0 events):
No events

VM Operations (20 events):
Event: 0.217 Executing VM operation: HandshakeAllThreads (Deoptimize) done
Event: 0.218 Executing VM operation: HandshakeAllThreads (Deoptimize)
Event: 0.218 Executing VM operation: HandshakeAllThreads (Deoptimize) done
Event: 0.260 Executing VM operation: HandshakeAllThreads (Deoptimize)
Event: 0.260 Executing VM operation: HandshakeAllThreads (Deoptimize) done
Event: 0.260 Executing VM operation: HandshakeAllThreads (Deoptimize)
Event: 0.260 Executing VM operation: HandshakeAllThreads (Deoptimize) done
Event: 0.336 Executing VM operation: G1CollectForAllocation (G1 Evacuation Pause)
Event: 0.339 Executing VM operation: G1CollectForAllocation (G1 Evacuation Pause) done
Event: 0.359 Executing VM operation: HandshakeAllThreads (Deoptimize)
Event: 0.359 Executing VM operation: HandshakeAllThreads (Deoptimize) done
Event: 0.368 Executing VM operation: HandshakeAllThreads (Deoptimize)
Event: 0.368 Executing VM operation: HandshakeAllThreads (Deoptimize) done
Event: 0.445 Executing VM operation: HandshakeAllThreads (Deoptimize)
Event: 0.445 Executing VM operation: HandshakeAllThreads (Deoptimize) done
Event: 0.456 Executing VM operation: HandshakeAllThreads (Deoptimize)
Event: 0.456 Executing VM operation: HandshakeAllThreads (Deoptimize) done
Event: 0.466 Executing VM operation: HandshakeAllThreads (Deoptimize)
Event: 0.467 Executing VM operation: HandshakeAllThreads (Deoptimize) done
Event: 0.486 Executing VM operation: Exit

Events (20 events):
Event: 0.031 Thread 0x0000025422ba6b60 Thread added: 0x0000025422ba6b60
Event: 0.031 Thread 0x0000025422bb5020 Thread added: 0x0000025422bb5020
Event: 0.031 Thread 0x0000025422bb5a80 Thread added: 0x0000025422bb5a80
Event: 0.031 Thread 0x0000025422bb7050 Thread added: 0x0000025422bb7050
Event: 0.031 Thread 0x0000025422bba760 Thread added: 0x0000025422bba760
Event: 0.031 Thread 0x0000025422bbf690 Thread added: 0x0000025422bbf690
Event: 0.031 Thread 0x0000025422bc2830 Thread added: 0x0000025422bc2830
Event: 0.053 Thread 0x00000254680af480 Thread added: 0x00000254680af480
Event: 0.087 Thread 0x00000254681f34d0 Thread added: 0x00000254681f34d0
Event: 0.087 Thread 0x0000025468232370 Thread added: 0x0000025468232370
Event: 0.112 Thread 0x00000254684ba1c0 Thread added: 0x00000254684ba1c0
Event: 0.112 Thread 0x00000254684c79b0 Thread added: 0x00000254684c79b0
Event: 0.340 Thread 0x00000254691751b0 Thread added: 0x00000254691751b0
Event: 0.432 Thread 0x00000254687e34b0 Thread added: 0x00000254687e34b0
Event: 0.441 Thread 0x00000254687e13e0 Thread added: 0x00000254687e13e0
Event: 0.459 Thread 0x00000254687e1a70 Thread added: 0x00000254687e1a70
Event: 0.465 Thread 0x00000254695f77f0 Thread added: 0x00000254695f77f0
Event: 0.485 Thread 0x00000254695f7160 Thread added: 0x00000254695f7160
Event: 0.486 Thread 0x00000254695f7160 Thread exited: 0x00000254695f7160
Event: 0.486 Thread 0x0000025422bb5020 Thread exited: 0x0000025422bb5020


Dynamic libraries:
0x00007ff7e2d30000 - 0x00007ff7e2d40000 	C:\Program Files\Java\jdk-22\bin\java.exe
0x00007ffdece40000 - 0x00007ffded0a8000 	C:\WINDOWS\SYSTEM32\ntdll.dll
0x00007ffdebe10000 - 0x00007ffdebed9000 	C:\WINDOWS\System32\KERNEL32.DLL
0x00007ffdea070000 - 0x00007ffdea45d000 	C:\WINDOWS\System32\KERNELBASE.dll
0x00007ffdea660000 - 0x00007ffdea7ab000 	C:\WINDOWS\System32\ucrtbase.dll
0x00007ffdd2610000 - 0x00007ffdd262b000 	C:\Program Files\Java\jdk-22\bin\VCRUNTIME140.dll
0x00007ffdc0160000 - 0x00007ffdc0177000 	C:\Program Files\Java\jdk-22\bin\jli.dll
0x00007ffdec370000 - 0x00007ffdec424000 	C:\WINDOWS\System32\ADVAPI32.dll
0x00007ffdeabe0000 - 0x00007ffdeac89000 	C:\WINDOWS\System32\msvcrt.dll
0x00007ffdeb1e0000 - 0x00007ffdeb286000 	C:\WINDOWS\System32\sechost.dll
0x00007ffdeac90000 - 0x00007ffdeada8000 	C:\WINDOWS\System32\RPCRT4.dll
0x00007ffdeb000000 - 0x00007ffdeb1cc000 	C:\WINDOWS\System32\USER32.dll
0x00007ffdea040000 - 0x00007ffdea067000 	C:\WINDOWS\System32\win32u.dll
0x00007ffdd1330000 - 0x00007ffdd15ca000 	C:\WINDOWS\WinSxS\amd64_microsoft.windows.common-controls_6595b64144ccf1df_6.0.26100.4484_none_3e0e6d4ce32ef3b3\COMCTL32.dll
0x00007ffdecdb0000 - 0x00007ffdecddb000 	C:\WINDOWS\System32\GDI32.dll
0x00007ffdea460000 - 0x00007ffdea597000 	C:\WINDOWS\System32\gdi32full.dll
0x00007ffde9f90000 - 0x00007ffdea033000 	C:\WINDOWS\System32\msvcp_win.dll
0x00007ffde3350000 - 0x00007ffde335b000 	C:\WINDOWS\SYSTEM32\VERSION.dll
0x00007ffdecc70000 - 0x00007ffdecc9f000 	C:\WINDOWS\System32\IMM32.DLL
0x00007ffdd6a40000 - 0x00007ffdd6a4c000 	C:\Program Files\Java\jdk-22\bin\vcruntime140_1.dll
0x00007ffdc00d0000 - 0x00007ffdc015e000 	C:\Program Files\Java\jdk-22\bin\msvcp140.dll
0x00007ffd66af0000 - 0x00007ffd67838000 	C:\Program Files\Java\jdk-22\bin\server\jvm.dll
0x00007ffdeb310000 - 0x00007ffdeb384000 	C:\WINDOWS\System32\WS2_32.dll
0x00007ffde97f0000 - 0x00007ffde984e000 	C:\WINDOWS\SYSTEM32\POWRPROF.dll
0x00007ffde3310000 - 0x00007ffde3345000 	C:\WINDOWS\SYSTEM32\WINMM.dll
0x00007ffde97d0000 - 0x00007ffde97e4000 	C:\WINDOWS\SYSTEM32\UMPDC.dll
0x00007ffde8cf0000 - 0x00007ffde8d0b000 	C:\WINDOWS\SYSTEM32\kernel.appcore.dll
0x00007ffdc00c0000 - 0x00007ffdc00ca000 	C:\Program Files\Java\jdk-22\bin\jimage.dll
0x00007ffdd1c60000 - 0x00007ffdd1ea1000 	C:\WINDOWS\SYSTEM32\DBGHELP.DLL
0x00007ffdebf40000 - 0x00007ffdec2c6000 	C:\WINDOWS\System32\combase.dll
0x00007ffdebd20000 - 0x00007ffdebe00000 	C:\WINDOWS\System32\OLEAUT32.dll
0x00007ffdcf5e0000 - 0x00007ffdcf623000 	C:\WINDOWS\SYSTEM32\dbgcore.DLL
0x00007ffdea7b0000 - 0x00007ffdea849000 	C:\WINDOWS\System32\bcryptPrimitives.dll
0x00007ffdd26a0000 - 0x00007ffdd26af000 	C:\Program Files\Java\jdk-22\bin\instrument.dll
0x00007ffdc00a0000 - 0x00007ffdc00be000 	C:\Program Files\Java\jdk-22\bin\java.dll
0x00007ffdec4a0000 - 0x00007ffdecbea000 	C:\WINDOWS\System32\SHELL32.dll
0x00007ffdea9d0000 - 0x00007ffdeab44000 	C:\WINDOWS\System32\wintypes.dll
0x00007ffdebb70000 - 0x00007ffdebd0e000 	C:\WINDOWS\System32\ole32.dll
0x00007ffdc0050000 - 0x00007ffdc0067000 	C:\Program Files\Java\jdk-22\bin\zip.dll
0x00007ffde7ae0000 - 0x00007ffde833b000 	C:\WINDOWS\SYSTEM32\windows.storage.dll
0x00007ffdeb3a0000 - 0x00007ffdeb495000 	C:\WINDOWS\System32\SHCORE.dll
0x00007ffdec430000 - 0x00007ffdec49a000 	C:\WINDOWS\System32\shlwapi.dll
0x00007ffde9ea0000 - 0x00007ffde9ecf000 	C:\WINDOWS\SYSTEM32\profapi.dll
0x00007ffdbfbf0000 - 0x00007ffdbfcc7000 	C:\Program Files\Java\jdk-22\bin\jsvml.dll
0x00007ffdc0090000 - 0x00007ffdc00a0000 	C:\Program Files\Java\jdk-22\bin\net.dll
0x00007ffde9260000 - 0x00007ffde92ca000 	C:\WINDOWS\system32\mswsock.dll
0x00007ffdc0070000 - 0x00007ffdc0086000 	C:\Program Files\Java\jdk-22\bin\nio.dll
0x00007ffdc0040000 - 0x00007ffdc0049000 	C:\Program Files\Java\jdk-22\bin\extnet.dll
0x00007ffde84d0000 - 0x00007ffde85f6000 	C:\WINDOWS\SYSTEM32\DNSAPI.dll
0x00007ffde8450000 - 0x00007ffde8483000 	C:\WINDOWS\SYSTEM32\IPHLPAPI.DLL
0x00007ffdeb1d0000 - 0x00007ffdeb1da000 	C:\WINDOWS\System32\NSI.dll
0x00007ffde0920000 - 0x00007ffde092b000 	C:\Windows\System32\rasadhlp.dll
0x00007ffde4140000 - 0x00007ffde41c6000 	C:\WINDOWS\System32\fwpuclnt.dll
0x00007ffdd2660000 - 0x00007ffdd266a000 	C:\Program Files\Java\jdk-22\bin\management.dll
0x00007ffdbfbb0000 - 0x00007ffdbfbbb000 	C:\Program Files\Java\jdk-22\bin\management_ext.dll
0x00007ffdec2d0000 - 0x00007ffdec2d8000 	C:\WINDOWS\System32\PSAPI.DLL
0x00007ffde9640000 - 0x00007ffde965b000 	C:\WINDOWS\SYSTEM32\CRYPTSP.dll
0x00007ffde8c50000 - 0x00007ffde8c8b000 	C:\WINDOWS\system32\rsaenh.dll
0x00007ffde9300000 - 0x00007ffde932b000 	C:\WINDOWS\SYSTEM32\USERENV.dll
0x00007ffde9e70000 - 0x00007ffde9e96000 	C:\WINDOWS\SYSTEM32\bcrypt.dll
0x00007ffde9620000 - 0x00007ffde962c000 	C:\WINDOWS\SYSTEM32\CRYPTBASE.dll
0x00007ffdbfdb0000 - 0x00007ffdbfdc8000 	C:\WINDOWS\system32\napinsp.dll
0x00007ffdbf960000 - 0x00007ffdbf972000 	C:\WINDOWS\System32\winrnr.dll
0x00007ffdbf8a0000 - 0x00007ffdbf8d0000 	C:\WINDOWS\system32\nlansp_c.dll
0x00007ffdbf510000 - 0x00007ffdbf530000 	C:\WINDOWS\system32\wshbth.dll
0x00007ffdd12c0000 - 0x00007ffdd130e000 	C:\WINDOWS\SYSTEM32\pdh.dll
0x00007ffdb5d70000 - 0x00007ffdb5d82000 	C:\WINDOWS\System32\perfproc.dll

dbghelp: loaded successfully - version: 4.0.5 - missing functions: none
symbol engine: initialized successfully - sym options: 0x614 - pdb path: (cannot be retrieved)

VM Arguments:
jvm_args: -javaagent:C:\Users\gabriel_e_fagundes\AppData\Local\JetBrains\IntelliJIdea2025.1\captureAgent\debugger-agent.jar=file:///C:/Users/GABRIE~1/AppData/Local/Temp/capture11495694062662032359.props -ea -Didea.test.cyclic.buffer.size=1048576 -javaagent:C:\Users\gabriel_e_fagundes\AppData\Local\JetBrains\IntelliJ IDEA 2025.1.4.1\lib\idea_rt.jar=54126 -Dkotlinx.coroutines.debug.enable.creation.stack.trace=false -Ddebugger.agent.enable.coroutines=true -Dkotlinx.coroutines.debug.enable.flows.stack.trace=true -Dkotlinx.coroutines.debug.enable.mutable.state.flows.stack.trace=true -Dfile.encoding=UTF-8 -Dsun.stdout.encoding=UTF-8 -Dsun.stderr.encoding=UTF-8 
java_command: com.intellij.rt.junit.JUnitStarter -ideVersion5 -junit5 com.tests.DescontoTest
java_class_path (initial): C:\Users\gabriel_e_fagundes\.m2\repository\org\junit\platform\junit-platform-launcher\1.11.0\junit-platform-launcher-1.11.0.jar;C:\Users\gabriel_e_fagundes\AppData\Local\JetBrains\IntelliJ IDEA 2025.1.4.1\lib\idea_rt.jar;C:\Users\gabriel_e_fagundes\AppData\Local\JetBrains\IntelliJ IDEA 2025.1.4.1\plugins\junit\lib\junit5-rt.jar;C:\Users\gabriel_e_fagundes\AppData\Local\JetBrains\IntelliJ IDEA 2025.1.4.1\plugins\junit\lib\junit-rt.jar;C:\Users\gabriel_e_fagundes\IdeaProjects\TestesUnitarios\target\test-classes;C:\Users\gabriel_e_fagundes\IdeaProjects\TestesUnitarios\target\classes;C:\Users\gabriel_e_fagundes\.m2\repository\org\junit\jupiter\junit-jupiter-api\5.11.0\junit-jupiter-api-5.11.0.jar;C:\Users\gabriel_e_fagundes\.m2\repository\org\opentest4j\opentest4j\1.3.0\opentest4j-1.3.0.jar;C:\Users\gabriel_e_fagundes\.m2\repository\org\junit\platform\junit-platform-commons\1.11.0\junit-platform-commons-1.11.0.jar;C:\Users\gabriel_e_fagundes\.m2\repository\org\apiguardian\apiguardian-api\1.1.2\apiguardian-api-1.1.2.jar;C:\Users\gabriel_e_fagundes\.m2\repository\org\junit\jupiter\junit-jupiter-engine\5.11.0\junit-jupiter-engine-5.11.0.jar;C:\Users\gabriel_e_fagundes\.m2\repository\org\junit\platform\junit-platform-engine\1.11.0\junit-platform-engine-1.11.0.jar
Launcher Type: SUN_STANDARD

[Global flags]
     intx CICompilerCount                          = 4                                         {product} {ergonomic}
     uint ConcGCThreads                            = 2                                         {product} {ergonomic}
     uint G1ConcRefinementThreads                  = 8                                         {product} {ergonomic}
   size_t G1HeapRegionSize                         = 2097152                                   {product} {ergonomic}
   size_t InitialHeapSize                          = 266338304                                 {product} {ergonomic}
   size_t MarkStackSize                            = 4194304                                   {product} {ergonomic}
   size_t MaxHeapSize                              = 4246732800                                {product} {ergonomic}
   size_t MaxNewSize                               = 2548039680                                {product} {ergonomic}
   size_t MinHeapDeltaBytes                        = 2097152                                   {product} {ergonomic}
   size_t MinHeapSize                              = 8388608                                   {product} {ergonomic}
    uintx NonNMethodCodeHeapSize                   = 5839372                                {pd product} {ergonomic}
    uintx NonProfiledCodeHeapSize                  = 122909434                              {pd product} {ergonomic}
    uintx ProfiledCodeHeapSize                     = 122909434                              {pd product} {ergonomic}
    uintx ReservedCodeCacheSize                    = 251658240                              {pd product} {ergonomic}
     bool SegmentedCodeCache                       = true                                      {product} {ergonomic}
   size_t SoftMaxHeapSize                          = 4246732800                             {manageable} {ergonomic}
     bool UseCompressedOops                        = true                           {product lp64_product} {ergonomic}
     bool UseG1GC                                  = true                                      {product} {ergonomic}
     bool UseLargePagesIndividualAllocation        = false                                  {pd product} {ergonomic}

Logging:
Log output configuration:
 #0: stdout all=off uptime,level,tags foldmultilines=false
 #1: stderr all=off uptime,level,tags foldmultilines=false

Environment Variables:
PATH=C:\Python\Scripts\;C:\Python\;C:\Program Files (x86)\NVIDIA Corporation\PhysX\Common;C:\Program Files\Common Files\Siemens\Automation\Simatic OAM\bin;C:\Program Files\Python312\Scripts\;C:\Program Files\Python312\;C:\Program Files (x86)\Siemens\Automation\SIMIT\Common\x64;C:\Program Files (x86)\Siemens\Automation\SIMIT\Common\win32;C:\Program Files (x86)\Siemens\Automation\SIMIT\SIMIT VC\bin;C:\Python312\Scripts\;C:\Python312\;C:\Program Files\Common Files\Oracle\Java\javapath;C:\Program Files (x86)\Common Files\Oracle\Java\javapath;C:\ProgramData\Oracle\Java\javapath;C:\Program Files (x86)\Microchip\mplabc18\v3.47\mpasm;C:\Program Files (x86)\Microchip\mplabc18\v3.47\bin;C:\Python38\Scripts\;C:\Python38\;C:\WINDOWS\system32;C:\WINDOWS;C:\WINDOWS\System32\Wbem;C:\WINDOWS\System32\WindowsPowerShell\v1.0\;C:\WINDOWS\System32\OpenSSH\;C:\Program Files (x86)\IronRuby 1.1\bin;C:\Program Files\Microsoft SQL Server\120\Tools\Binn\;C:\Program Files\Microsoft SQL Server\Client SDK\ODBC\110\Tools\Binn\;C:\Program Files (x86)\Windows Live\Shared;C:\ProgramData\chocolatey\bin;C:\Program Files (x86)\Microchip\MPLAB C32 Suite\bin;C:\Program Files (x86)\Microsoft SQL Server\120\Tools\Binn\;C:\Program Files\Microsoft SQL Server\120\DTS\Binn\;C:\Program Files (x86)\Windows Kits\8.1\Windows Performance Toolkit\;C:\Program Files (x86)\P-CAD 2006 Viewer\;C:\Users\Aluno\AppData\Roaming\npm;C:\Program Files\Microsoft SQL Server\130\Tools\Binn\;C:\Program Files\Microsoft SQL Server\Client SDK\ODBC\170\Tools\Binn\;C:\Program Files (x86)\Microsoft SQL Server\Client SDK\ODBC\110\Tools\Binn\;C:\Program Files (x86)\Microsoft SQL Server\120\DTS\Binn\;C:\Program Files\MATLAB\R2020b\runtime\win64;C:\Program Files\MATLAB\R2020b\bin;C:\Program Files\dotnet\;C:\Program Files\Microsoft SQL Server\150\Tools\Binn\;C:\Program Files (x86)\Microsoft SQL Server\160\Tools\Binn\;C:\Program Files\Microsoft SQL Server\160\Tools\Binn\;C:\Program Files\Microsoft SQL Server\160\DTS\Binn\;C:\Program Files\Docker\Docker\resources\bin;C:\Program Files\Git\cmd;C:\Program Files\Microsoft VS Code\bin;C:\Program Files\PuTTY\;C:\Program Files\nodejs\;C:\Program Files (x86)\Lectra\Gs;C:\Program Files\Microsoft SQL Server\Client SDK\ODBC\130\Tools\Binn\;C:\Program Files (x86)\Microsoft SQL Server\140\Tools\Binn\;C:\Program Files\Microsoft SQL Server\140\Tools\Binn\;C:\Program Files\Microsoft SQL Server\140\DTS\Binn\;C:\Program Files (x86)\Common Files\Siemens\;C:\Program Files (x86)\Common Files\Siemens\Interfaces;C:\Program Files (x86)\Common Files\Siemens\ACE\Interfaces;C:\ProgramData\UNIVALI\Portugol Studio;C:\Program Files (x86)\Microsoft SQL Server\150\Tools\Binn\;C:\Program Files\Microsoft SQL Server\150\DTS\Binn\;C:\Program Files (x86)\Windows Kits\10\Windows Performance Toolkit\;C:\Program Files\CodeBlocks\MinGW\bin;C:\Users\Default\AppData\Roaming\npm;C:\Users\Default\AppData\Roaming\node_modules\@angular\cli\bin;C:\Users\gabriel_e_fagundes\AppData\Local\Microsoft\WindowsApps;
USERNAME=gabriel_e_fagundes
OS=Windows_NT
PROCESSOR_IDENTIFIER=Intel64 Family 6 Model 158 Stepping 13, GenuineIntel
TMP=C:\Users\GABRIE~1\AppData\Local\Temp
TEMP=C:\Users\GABRIE~1\AppData\Local\Temp




Periodic native trim disabled

---------------  S Y S T E M  ---------------

OS:
 Windows 11 , 64 bit Build 26100 (10.0.26100.4484)
OS uptime: 0 days 1:41 hours
Hyper-V role detected

CPU: total 8 (initial active 8) (8 cores per cpu, 1 threads per core) family 6 model 158 stepping 13 microcode 0xde, cx8, cmov, fxsr, mmx, 3dnowpref, sse, sse2, sse3, ssse3, sse4.1, sse4.2, popcnt, lzcnt, tsc, tscinvbit, avx, avx2, aes, erms, clmul, bmi1, bmi2, adx, fma, vzeroupper, clflush, clflushopt, hv, rdtscp, f16c
Processor Information for all 8 processors :
  Max Mhz: 3000, Current Mhz: 3000, Mhz Limit: 3000

Memory: 4k page, system-wide physical 16193M (4194M free)
TotalPageFile size 19009M (AvailPageFile size 2160M)
current process WorkingSet (physical memory assigned to process): 121M, peak: 122M
current process commit charge ("private bytes"): 387M, peak: 389M

vm_info: Java HotSpot(TM) 64-Bit Server VM (22+36-2370) for windows-amd64 JRE (22+36-2370), built on 2024-02-15T22:15:19Z by "mach5one" with MS VC++ 17.6 (VS2022)

END.
